<?xml version="1.0" encoding="UTF-8"?>
<!-- Generated by org.testng.reporters.JUnitReportReporter -->
<testsuite skipped="0" hostname="DESKTOP-FJBLVPL" name="com.prokarma.qa.tests.Download_Validate_Spend_Consumption_Report2" tests="1" failures="0" timestamp="2020-06-09T22:02:32 IST" time="181.430" errors="0">
  <testcase name="test_download_spendconsumption_report" time="181.430" classname="com.prokarma.qa.tests.Download_Validate_Spend_Consumption_Report2"/>
</testsuite> <!-- com.prokarma.qa.tests.Download_Validate_Spend_Consumption_Report2 -->
