<?xml version="1.0" encoding="UTF-8"?>
<!-- Generated by org.testng.reporters.JUnitReportReporter -->
<testsuite skipped="0" hostname="DESKTOP-FJBLVPL" name="com.prokarma.qa.tests.NewTest" tests="1" failures="0" timestamp="2020-06-11T01:38:15 IST" time="0.359" errors="0">
  <testcase name="f" time="0.359" classname="com.prokarma.qa.tests.NewTest"/>
</testsuite> <!-- com.prokarma.qa.tests.NewTest -->
