<?xml version="1.0" encoding="UTF-8"?>
<!-- Generated by org.testng.reporters.JUnitReportReporter -->
<testsuite skipped="0" hostname="DESKTOP-FJBLVPL" name="com.prokarma.qa.tests.Download_Validate_Spend_Consumption_Report" tests="1" failures="0" timestamp="2020-06-11T14:28:26 IST" time="331.229" errors="0">
  <testcase name="test_download_spendconsumption_report" time="331.229" classname="com.prokarma.qa.tests.Download_Validate_Spend_Consumption_Report"/>
</testsuite> <!-- com.prokarma.qa.tests.Download_Validate_Spend_Consumption_Report -->
