<?xml version="1.0" encoding="UTF-8"?>
<!-- Generated by org.testng.reporters.JUnitReportReporter -->
<testsuite hostname="DESKTOP-2EOAABF" failures="0" tests="1" name="com.prokarma.qa.tests.Download_Validate_Spend_and_ConsumptionYOY_records_with_YOY_report" time="376.874" errors="0" timestamp="2020-06-18T09:48:49 IST" skipped="0">
  <testcase classname="com.prokarma.qa.tests.Download_Validate_Spend_and_ConsumptionYOY_records_with_YOY_report" name="test_download_spendconsumption_report" time="376.874"/>
  <system-out/>
</testsuite> <!-- com.prokarma.qa.tests.Download_Validate_Spend_and_ConsumptionYOY_records_with_YOY_report -->
