<?xml version="1.0" encoding="UTF-8"?>
<!-- Generated by org.testng.reporters.JUnitReportReporter -->
<testsuite skipped="0" hostname="DESKTOP-FJBLVPL" name="com.prokarma.qa.tests.Validate_YOY_Report_with_Spend_and_Consumption_report" tests="1" failures="0" timestamp="2020-07-07T15:59:32 IST" time="307.301" errors="0">
  <testcase name="test_download_spendconsumption_report" time="307.301" classname="com.prokarma.qa.tests.Validate_YOY_Report_with_Spend_and_Consumption_report"/>
</testsuite> <!-- com.prokarma.qa.tests.Validate_YOY_Report_with_Spend_and_Consumption_report -->
